<?xml version="1.0" encoding="UTF-8" standalone="no"?>
<!DOCTYPE log SYSTEM "logger.dtd">
<log>
<record>
  <date>2019-01-07T11:50:16</date>
  <millis>1546879816229</millis>
  <sequence>0</sequence>
  <level>START</level>
  <class>com.kms.katalon.core.logging.XmlKeywordLogger</class>
  <method>startSuite</method>
  <thread>1</thread>
  <message>Start Test Suite : Test Suites/Register and Login</message>
  <nestedLevel>0</nestedLevel>
  <property name="name">Register and Login</property>
  <property name="description">Register and Login</property>
  <property name="id">Test Suites/Register and Login</property>
</record>
<record>
  <date>2019-01-07T11:50:16</date>
  <millis>1546879816245</millis>
  <sequence>1</sequence>
  <level>RUN_DATA</level>
  <class>com.kms.katalon.core.logging.XmlKeywordLogger</class>
  <method>logMessage</method>
  <thread>1</thread>
  <message>hostName = kaurs3 - NCI-02096754-L.nci.nih.gov</message>
  <nestedLevel>0</nestedLevel>
  <property name="hostName">kaurs3 - NCI-02096754-L.nci.nih.gov</property>
</record>
<record>
  <date>2019-01-07T11:50:16</date>
  <millis>1546879816246</millis>
  <sequence>2</sequence>
  <level>RUN_DATA</level>
  <class>com.kms.katalon.core.logging.XmlKeywordLogger</class>
  <method>logMessage</method>
  <thread>1</thread>
  <message>os = Windows 10 64bit</message>
  <nestedLevel>0</nestedLevel>
  <property name="os">Windows 10 64bit</property>
</record>
<record>
  <date>2019-01-07T11:50:16</date>
  <millis>1546879816247</millis>
  <sequence>3</sequence>
  <level>RUN_DATA</level>
  <class>com.kms.katalon.core.logging.XmlKeywordLogger</class>
  <method>logMessage</method>
  <thread>1</thread>
  <message>hostAddress = 10.172.78.196</message>
  <nestedLevel>0</nestedLevel>
  <property name="hostAddress">10.172.78.196</property>
</record>
<record>
  <date>2019-01-07T11:50:16</date>
  <millis>1546879816249</millis>
  <sequence>4</sequence>
  <level>RUN_DATA</level>
  <class>com.kms.katalon.core.logging.XmlKeywordLogger</class>
  <method>logMessage</method>
  <thread>1</thread>
  <message>katalonVersion = 5.10.1.1</message>
  <nestedLevel>0</nestedLevel>
  <property name="katalonVersion">5.10.1.1</property>
</record>
<record>
  <date>2019-01-07T11:50:16</date>
  <millis>1546879816543</millis>
  <sequence>5</sequence>
  <level>START</level>
  <class>com.kms.katalon.core.logging.XmlKeywordLogger</class>
  <method>startTest</method>
  <thread>1</thread>
  <message>Start Test Case : Test Cases/ICRC External - Registration - Simran</message>
  <nestedLevel>1</nestedLevel>
  <property name="name">Test Cases/ICRC External - Registration - Simran</property>
  <property name="description">Test Case for Sign-Up</property>
  <property name="id">Test Cases/ICRC External - Registration - Simran</property>
  <property name="source">C:\\Users\\kaurs3\\Katalon Studio\\ICRC_KickOff_Simran_GitAttempt\\CBIITQA-ICRC-KICKOFF 1\\Test Cases\\ICRC External - Registration - Simran.tc</property>
  <property name="isOptional">false</property>
</record>
<record>
  <date>2019-01-07T11:50:16</date>
  <millis>1546879816589</millis>
  <sequence>7</sequence>
  <level>INFO</level>
  <class>com.kms.katalon.core.logging.XmlKeywordLogger</class>
  <method>logMessage</method>
  <thread>1</thread>
  <message>FirstName = FirstName4</message>
  <nestedLevel>1</nestedLevel>
</record>
<record>
  <date>2019-01-07T11:50:16</date>
  <millis>1546879816595</millis>
  <sequence>8</sequence>
  <level>INFO</level>
  <class>com.kms.katalon.core.logging.XmlKeywordLogger</class>
  <method>logMessage</method>
  <thread>1</thread>
  <message>LastName = LastName4</message>
  <nestedLevel>1</nestedLevel>
</record>
<record>
  <date>2019-01-07T11:50:16</date>
  <millis>1546879816596</millis>
  <sequence>9</sequence>
  <level>INFO</level>
  <class>com.kms.katalon.core.logging.XmlKeywordLogger</class>
  <method>logMessage</method>
  <thread>1</thread>
  <message>EmailAddress = ncitester4@nih.gov</message>
  <nestedLevel>1</nestedLevel>
</record>
<record>
  <date>2019-01-07T11:50:16</date>
  <millis>1546879816596</millis>
  <sequence>10</sequence>
  <level>INFO</level>
  <class>com.kms.katalon.core.logging.XmlKeywordLogger</class>
  <method>logMessage</method>
  <thread>1</thread>
  <message>Password = P@ssw0rd1 </message>
  <nestedLevel>1</nestedLevel>
</record>
<record>
  <date>2019-01-07T11:50:16</date>
  <millis>1546879816597</millis>
  <sequence>11</sequence>
  <level>INFO</level>
  <class>com.kms.katalon.core.logging.XmlKeywordLogger</class>
  <method>logMessage</method>
  <thread>1</thread>
  <message>ConfirmPassword = P@ssw0rd1 </message>
  <nestedLevel>1</nestedLevel>
</record>
<record>
  <date>2019-01-07T11:50:17</date>
  <millis>1546879817267</millis>
  <sequence>12</sequence>
  <level>START</level>
  <class>com.kms.katalon.core.logging.XmlKeywordLogger</class>
  <method>startKeyword</method>
  <thread>1</thread>
  <message>Start action : openBrowser(\&amp;quot;\&amp;quot;)</message>
  <nestedLevel>1</nestedLevel>
  <property name="startLine">16</property>
  <property name="stepIndex">1</property>
</record>
